0 info it worked if it ends with ok
1 verbose cli [ '/Users/kazukitada/.nodebrew/node/v5.4.0/bin/node',
1 verbose cli   '/Users/kazukitada/.nodebrew/current/bin/npm',
1 verbose cli   'run',
1 verbose cli   'watch-stylus' ]
2 info using npm@3.3.12
3 info using node@v5.4.0
4 verbose run-script [ 'prewatch-stylus', 'watch-stylus', 'postwatch-stylus' ]
5 info lifecycle itsukichang-settings@0.0.1~prewatch-stylus: itsukichang-settings@0.0.1
6 silly lifecycle itsukichang-settings@0.0.1~prewatch-stylus: no script for prewatch-stylus, continuing
7 info lifecycle itsukichang-settings@0.0.1~watch-stylus: itsukichang-settings@0.0.1
8 verbose lifecycle itsukichang-settings@0.0.1~watch-stylus: unsafe-perm in lifecycle true
9 verbose lifecycle itsukichang-settings@0.0.1~watch-stylus: PATH: /Users/kazukitada/.nodebrew/node/v5.4.0/lib/node_modules/npm/bin/node-gyp-bin:/Users/kazukitada/develop/study/cycle.js/components_sample/node_modules/.bin:/Users/kazukitada/.nodebrew/node/v5.4.0/lib/node_modules/npm/bin/node-gyp-bin:/Users/kazukitada/develop/study/cycle.js/components_sample/node_modules/.bin:/usr/local/bin:/usr/bin:/bin:/usr/sbin:/sbin:/Users/kazukitada/.nodebrew/current/bin:/Users/kazukitada/.nodebrew/current/bin
10 verbose lifecycle itsukichang-settings@0.0.1~watch-stylus: CWD: /Users/kazukitada/develop/study/cycle.js/components_sample
11 silly lifecycle itsukichang-settings@0.0.1~watch-stylus: Args: [ '-c',
11 silly lifecycle   'stylus src/styles/main.styl -w -o public/assets/main.css' ]
12 silly lifecycle itsukichang-settings@0.0.1~watch-stylus: Returned: code: 1  signal: null
13 info lifecycle itsukichang-settings@0.0.1~watch-stylus: Failed to exec watch-stylus script
14 verbose stack Error: itsukichang-settings@0.0.1 watch-stylus: `stylus src/styles/main.styl -w -o public/assets/main.css`
14 verbose stack Exit status 1
14 verbose stack     at EventEmitter.<anonymous> (/Users/kazukitada/.nodebrew/node/v5.4.0/lib/node_modules/npm/lib/utils/lifecycle.js:232:16)
14 verbose stack     at emitTwo (events.js:87:13)
14 verbose stack     at EventEmitter.emit (events.js:172:7)
14 verbose stack     at ChildProcess.<anonymous> (/Users/kazukitada/.nodebrew/node/v5.4.0/lib/node_modules/npm/lib/utils/spawn.js:24:14)
14 verbose stack     at emitTwo (events.js:87:13)
14 verbose stack     at ChildProcess.emit (events.js:172:7)
14 verbose stack     at maybeClose (internal/child_process.js:821:16)
14 verbose stack     at Process.ChildProcess._handle.onexit (internal/child_process.js:211:5)
15 verbose pkgid itsukichang-settings@0.0.1
16 verbose cwd /Users/kazukitada/develop/study/cycle.js/components_sample
17 error Darwin 16.4.0
18 error argv "/Users/kazukitada/.nodebrew/node/v5.4.0/bin/node" "/Users/kazukitada/.nodebrew/current/bin/npm" "run" "watch-stylus"
19 error node v5.4.0
20 error npm  v3.3.12
21 error code ELIFECYCLE
22 error itsukichang-settings@0.0.1 watch-stylus: `stylus src/styles/main.styl -w -o public/assets/main.css`
22 error Exit status 1
23 error Failed at the itsukichang-settings@0.0.1 watch-stylus script 'stylus src/styles/main.styl -w -o public/assets/main.css'.
23 error Make sure you have the latest version of node.js and npm installed.
23 error If you do, this is most likely a problem with the itsukichang-settings package,
23 error not with npm itself.
23 error Tell the author that this fails on your system:
23 error     stylus src/styles/main.styl -w -o public/assets/main.css
23 error You can get their info via:
23 error     npm owner ls itsukichang-settings
23 error There is likely additional logging output above.
24 verbose exit [ 1, true ]
